{
  "RSpec": {
    "coverage": {
      "/Users/hannaaikas/Projects/iPromise/spec/controllers/home_controller_spec.rb": [
        1,
        null,
        1,
        null,
        2,
        null,
        1,
        1,
        1,
        1,
        null,
        null,
        null,
        null
      ],
      "/Users/hannaaikas/Projects/iPromise/spec/rails_helper.rb": [
        null,
        1,
        1,
        1,
        null,
        1,
        1,
        1,
        null,
        null,
        null,
        null,
        null,
        null,
        null,
        null,
        null,
        null,
        null,
        null,
        null,
        null,
        null,
        null,
        null,
        null,
        null,
        null,
        1,
        null,
        0,
        0,
        null,
        1,
        null,
        1,
        null,
        null,
        null,
        null,
        1,
        null,
        null,
        null,
        null,
        null,
        null,
        null,
        null,
        null,
        null,
        null,
        null,
        null,
        null,
        1,
        null,
        null,
        1,
        null,
        null,
        null
      ],
      "/Users/hannaaikas/Projects/iPromise/config/environment.rb": [
        null,
        1,
        null,
        null,
        1
      ],
      "/Users/hannaaikas/Projects/iPromise/config/application.rb": [
        1,
        null,
        1,
        null,
        1,
        1,
        1,
        1,
        1,
        1,
        1,
        1,
        1,
        1,
        1,
        null,
        null,
        null,
        null,
        1,
        null,
        1,
        1,
        null,
        1,
        null,
        null,
        null,
        null,
        null,
        null,
        null,
        1,
        null,
        null
      ],
      "/Users/hannaaikas/Projects/iPromise/config/boot.rb": [
        1,
        null,
        1,
        1
      ],
      "/Users/hannaaikas/Projects/iPromise/config/environments/test.rb": [
        null,
        null,
        null,
        null,
        null,
        1,
        null,
        null,
        1,
        null,
        null,
        null,
        null,
        1,
        null,
        null,
        1,
        1,
        null,
        null,
        null,
        null,
        1,
        1,
        1,
        null,
        null,
        1,
        null,
        null,
        1,
        null,
        null,
        1,
        null,
        1,
        null,
        null,
        null,
        null,
        1,
        null,
        null,
        1,
        null,
        null,
        null,
        null
      ],
      "/Users/hannaaikas/Projects/iPromise/config/initializers/application_controller_renderer.rb": [
        null,
        null,
        null,
        null,
        null,
        null,
        null,
        null
      ],
      "/Users/hannaaikas/Projects/iPromise/config/initializers/assets.rb": [
        null,
        null,
        null,
        1,
        null,
        null,
        null,
        null,
        1,
        null,
        null,
        null,
        null,
        null
      ],
      "/Users/hannaaikas/Projects/iPromise/config/initializers/backtrace_silencers.rb": [
        null,
        null,
        null,
        null,
        null,
        null,
        null
      ],
      "/Users/hannaaikas/Projects/iPromise/config/initializers/clearance.rb": [
        1,
        1,
        1,
        1,
        null
      ],
      "/Users/hannaaikas/Projects/iPromise/config/initializers/content_security_policy.rb": [
        null,
        null,
        null,
        null,
        null,
        null,
        null,
        null,
        null,
        null,
        null,
        null,
        null,
        null,
        null,
        null,
        null,
        null,
        null,
        null,
        null,
        null,
        null,
        null,
        null,
        null,
        null,
        null,
        null,
        null
      ],
      "/Users/hannaaikas/Projects/iPromise/config/initializers/cookies_serializer.rb": [
        null,
        null,
        null,
        null,
        1
      ],
      "/Users/hannaaikas/Projects/iPromise/config/initializers/filter_parameter_logging.rb": [
        null,
        null,
        null,
        1
      ],
      "/Users/hannaaikas/Projects/iPromise/config/initializers/inflections.rb": [
        null,
        null,
        null,
        null,
        null,
        null,
        null,
        null,
        null,
        null,
        null,
        null,
        null,
        null,
        null,
        null
      ],
      "/Users/hannaaikas/Projects/iPromise/config/initializers/mime_types.rb": [
        null,
        null,
        null,
        null
      ],
      "/Users/hannaaikas/Projects/iPromise/config/initializers/wrap_parameters.rb": [
        null,
        null,
        null,
        null,
        null,
        null,
        1,
        2,
        null,
        null,
        null,
        null,
        null,
        null
      ],
      "/Users/hannaaikas/Projects/iPromise/spec/factories/clearance.rb": [
        1,
        1,
        2,
        null,
        null,
        1,
        1,
        2,
        6,
        null,
        null
      ],
      "/Users/hannaaikas/Projects/iPromise/config/routes.rb": [
        1,
        1,
        1,
        null,
        1,
        1,
        null,
        null,
        null,
        null,
        1,
        1,
        1,
        1,
        null,
        1,
        null,
        null,
        null
      ],
      "/Users/hannaaikas/Projects/iPromise/app/helpers/application_helper.rb": [
        1,
        null
      ],
      "/Users/hannaaikas/Projects/iPromise/app/helpers/home_helper.rb": [
        1,
        null
      ],
      "/Users/hannaaikas/Projects/iPromise/app/helpers/users_helper.rb": [
        1,
        null
      ],
      "/Users/hannaaikas/Projects/iPromise/app/models/application_record.rb": [
        1,
        1,
        null
      ],
      "/Users/hannaaikas/Projects/iPromise/app/controllers/home_controller.rb": [
        1,
        1,
        null,
        1,
        null,
        null,
        null,
        null
      ],
      "/Users/hannaaikas/Projects/iPromise/app/controllers/application_controller.rb": [
        1,
        1,
        null
      ],
      "/Users/hannaaikas/Projects/iPromise/spec/controllers/users_controller_spec.rb": [
        1,
        null,
        1,
        null,
        null
      ],
      "/Users/hannaaikas/Projects/iPromise/app/controllers/users_controller.rb": [
        1,
        null,
        1,
        0,
        null,
        0,
        0,
        0,
        null,
        0,
        null,
        null,
        null,
        1,
        null,
        1,
        0,
        0,
        0,
        0,
        null,
        0,
        0,
        0,
        0,
        0,
        null,
        null,
        null,
        null
      ],
      "/Users/hannaaikas/Projects/iPromise/spec/features/clearance/user_signs_out_spec.rb": [
        1,
        1,
        null,
        1,
        1,
        1,
        1,
        null,
        1,
        null,
        null
      ],
      "/Users/hannaaikas/Projects/iPromise/spec/support/features/clearance_helpers.rb": [
        1,
        1,
        1,
        0,
        0,
        0,
        null,
        null,
        1,
        1,
        1,
        1,
        null,
        null,
        1,
        5,
        5,
        5,
        5,
        null,
        null,
        1,
        1,
        null,
        null,
        1,
        0,
        0,
        0,
        0,
        0,
        null,
        null,
        1,
        2,
        2,
        null,
        null,
        1,
        3,
        null,
        null,
        1,
        0,
        0,
        0,
        null,
        null,
        null,
        null,
        1,
        1,
        null
      ],
      "/Users/hannaaikas/Projects/iPromise/spec/features/clearance/visitor_resets_password_spec.rb": [
        1,
        1,
        null,
        1,
        null,
        null,
        null,
        null,
        null,
        null,
        null,
        null,
        null,
        null,
        null,
        null,
        null,
        null,
        null,
        null,
        null,
        null,
        null,
        null,
        null,
        null,
        null,
        null,
        null,
        null,
        null,
        null,
        null,
        null,
        null,
        null,
        null,
        null,
        null,
        null,
        null,
        null,
        null,
        null,
        null,
        null,
        null,
        null,
        null,
        null,
        null,
        null,
        null,
        null,
        null,
        null,
        null,
        null,
        null,
        null,
        null,
        null,
        null,
        null,
        null,
        null,
        null
      ],
      "/Users/hannaaikas/Projects/iPromise/spec/features/clearance/visitor_signs_in_spec.rb": [
        1,
        1,
        null,
        1,
        1,
        1,
        1,
        null,
        1,
        null,
        null,
        1,
        1,
        1,
        null,
        1,
        null,
        null,
        1,
        1,
        1,
        null,
        1,
        1,
        null,
        null,
        1,
        1,
        null,
        1,
        1,
        null,
        null,
        1,
        null,
        1,
        3,
        null,
        null,
        1,
        2,
        null,
        null,
        null,
        null
      ],
      "/Users/hannaaikas/Projects/iPromise/spec/features/clearance/visitor_signs_up_spec.rb": [
        1,
        1,
        null,
        1,
        null,
        null,
        null,
        null,
        null,
        null,
        null,
        null,
        null,
        null,
        null,
        null,
        null,
        null,
        null,
        null,
        null,
        null,
        null,
        null,
        null,
        null,
        null,
        null,
        null,
        null
      ],
      "/Users/hannaaikas/Projects/iPromise/spec/features/clearance/visitor_updates_password_spec.rb": [
        1,
        1,
        null,
        1,
        null,
        null,
        null,
        null,
        null,
        null,
        null,
        null,
        null,
        null,
        null,
        null,
        null,
        null,
        null,
        null,
        null,
        null,
        null,
        null,
        null,
        null,
        null,
        null,
        null,
        null,
        null,
        null,
        null,
        null,
        null,
        null,
        null,
        null,
        null,
        null,
        null,
        null,
        null,
        null,
        null,
        null,
        null,
        null
      ],
      "/Users/hannaaikas/Projects/iPromise/spec/helpers/home_helper_spec.rb": [
        1,
        null,
        null,
        null,
        null,
        null,
        null,
        null,
        null,
        null,
        null,
        null,
        null,
        null,
        null
      ],
      "/Users/hannaaikas/Projects/iPromise/spec/helpers/users_helper_spec.rb": [
        1,
        null,
        null,
        null,
        null,
        null,
        null,
        null,
        null,
        null,
        null,
        null,
        null,
        null,
        null
      ],
      "/Users/hannaaikas/Projects/iPromise/spec/models/promise_spec.rb": [
        1,
        null,
        null,
        null,
        null
      ],
      "/Users/hannaaikas/Projects/iPromise/spec/models/send_text_spec.rb": [
        null,
        null,
        null,
        null,
        null,
        null,
        null,
        null,
        null,
        null
      ],
      "/Users/hannaaikas/Projects/iPromise/spec/views/home/index.html.erb_spec.rb": [
        1,
        null,
        null,
        null,
        null
      ],
      "/Users/hannaaikas/Projects/iPromise/app/models/user.rb": [
        1,
        1,
        1,
        null,
        1,
        1,
        1,
        null
      ]
    },
    "timestamp": 1570287548
  }
}
