{
  "RSpec": {
    "coverage": {
      "/Users/chuancheng/makers_academy/iPromise/spec/controllers/home_controller_spec.rb": [
        1,
        null,
        1,
        null,
        1,
        1,
        1,
        0,
        null,
        null,
        null,
        null
      ],
      "/Users/chuancheng/makers_academy/iPromise/spec/rails_helper.rb": [
        null,
        1,
        1,
        1,
        null,
        1,
        1,
        null,
        null,
        null,
        null,
        null,
        null,
        null,
        null,
        null,
        null,
        null,
        null,
        null,
        null,
        null,
        null,
        null,
        null,
        null,
        null,
        1,
        null,
        0,
        0,
        null,
        1,
        null,
        1,
        null,
        null,
        null,
        null,
        1,
        null,
        null,
        null,
        null,
        null,
        null,
        null,
        null,
        null,
        null,
        null,
        null,
        null,
        null,
        1,
        null,
        null,
        1,
        null,
        null,
        null
      ],
      "/Users/chuancheng/makers_academy/iPromise/config/environment.rb": [
        null,
        1,
        null,
        null,
        1
      ],
      "/Users/chuancheng/makers_academy/iPromise/config/application.rb": [
        1,
        null,
        1,
        null,
        1,
        1,
        1,
        1,
        1,
        1,
        1,
        1,
        1,
        1,
        1,
        null,
        null,
        null,
        null,
        1,
        null,
        1,
        1,
        null,
        1,
        null,
        null,
        null,
        null,
        null,
        null,
        null,
        1,
        null,
        null
      ],
      "/Users/chuancheng/makers_academy/iPromise/config/boot.rb": [
        1,
        null,
        1,
        1
      ],
      "/Users/chuancheng/makers_academy/iPromise/config/environments/test.rb": [
        null,
        null,
        null,
        null,
        null,
        1,
        null,
        null,
        1,
        null,
        null,
        null,
        null,
        1,
        null,
        null,
        1,
        1,
        null,
        null,
        null,
        null,
        1,
        1,
        1,
        null,
        null,
        1,
        null,
        null,
        1,
        null,
        null,
        1,
        null,
        1,
        null,
        null,
        null,
        null,
        1,
        null,
        null,
        1,
        null,
        null,
        null,
        null
      ],
      "/Users/chuancheng/makers_academy/iPromise/config/initializers/application_controller_renderer.rb": [
        null,
        null,
        null,
        null,
        null,
        null,
        null,
        null
      ],
      "/Users/chuancheng/makers_academy/iPromise/config/initializers/assets.rb": [
        null,
        null,
        null,
        1,
        null,
        null,
        null,
        null,
        1,
        null,
        null,
        null,
        null,
        null
      ],
      "/Users/chuancheng/makers_academy/iPromise/config/initializers/backtrace_silencers.rb": [
        null,
        null,
        null,
        null,
        null,
        null,
        null
      ],
      "/Users/chuancheng/makers_academy/iPromise/config/initializers/clearance.rb": [
        1,
        1,
        1,
        1,
        null
      ],
      "/Users/chuancheng/makers_academy/iPromise/config/initializers/content_security_policy.rb": [
        null,
        null,
        null,
        null,
        null,
        null,
        null,
        null,
        null,
        null,
        null,
        null,
        null,
        null,
        null,
        null,
        null,
        null,
        null,
        null,
        null,
        null,
        null,
        null,
        null,
        null,
        null,
        null,
        null,
        null
      ],
      "/Users/chuancheng/makers_academy/iPromise/config/initializers/cookies_serializer.rb": [
        null,
        null,
        null,
        null,
        1
      ],
      "/Users/chuancheng/makers_academy/iPromise/config/initializers/filter_parameter_logging.rb": [
        null,
        null,
        null,
        1
      ],
      "/Users/chuancheng/makers_academy/iPromise/config/initializers/inflections.rb": [
        null,
        null,
        null,
        null,
        null,
        null,
        null,
        null,
        null,
        null,
        null,
        null,
        null,
        null,
        null,
        null
      ],
      "/Users/chuancheng/makers_academy/iPromise/config/initializers/mime_types.rb": [
        null,
        null,
        null,
        null
      ],
      "/Users/chuancheng/makers_academy/iPromise/config/initializers/wrap_parameters.rb": [
        null,
        null,
        null,
        null,
        null,
        null,
        1,
        2,
        null,
        null,
        null,
        null,
        null,
        null
      ],
      "/Users/chuancheng/makers_academy/iPromise/config/routes.rb": [
        1,
        1,
        1,
        null,
        1,
        1,
        null,
        null,
        null,
        null,
        1,
        1,
        1,
        1,
        null,
        1,
        null,
        null,
        null
      ],
      "/Users/chuancheng/makers_academy/iPromise/app/helpers/application_helper.rb": [
        1,
        null
      ],
      "/Users/chuancheng/makers_academy/iPromise/app/helpers/home_helper.rb": [
        1,
        null
      ],
      "/Users/chuancheng/makers_academy/iPromise/app/helpers/users_helper.rb": [
        1,
        null
      ],
      "/Users/chuancheng/makers_academy/iPromise/app/models/application_record.rb": [
        1,
        1,
        null
      ],
      "/Users/chuancheng/makers_academy/iPromise/app/controllers/home_controller.rb": [
        1,
        1,
        null,
        1,
        null,
        null,
        null,
        null
      ],
      "/Users/chuancheng/makers_academy/iPromise/app/controllers/application_controller.rb": [
        1,
        1,
        null
      ],
      "/Users/chuancheng/makers_academy/iPromise/spec/controllers/users_controller_spec.rb": [
        1,
        null,
        1,
        null,
        null
      ],
      "/Users/chuancheng/makers_academy/iPromise/app/controllers/users_controller.rb": [
        1,
        null,
        1,
        0,
        null,
        0,
        null,
        null,
        1,
        0,
        null,
        null,
        1,
        null,
        1,
        0,
        0,
        0,
        null,
        0,
        0,
        0,
        0,
        null,
        null,
        null,
        null
      ],
      "/Users/chuancheng/makers_academy/iPromise/spec/helpers/home_helper_spec.rb": [
        1,
        null,
        null,
        null,
        null,
        null,
        null,
        null,
        null,
        null,
        null,
        null,
        1,
        1,
        null
      ],
      "/Users/chuancheng/makers_academy/iPromise/spec/helpers/users_helper_spec.rb": [
        1,
        null,
        null,
        null,
        null,
        null,
        null,
        null,
        null,
        null,
        null,
        null,
        1,
        1,
        null
      ],
      "/Users/chuancheng/makers_academy/iPromise/spec/views/home/index.html.erb_spec.rb": [
        1,
        null,
        1,
        1,
        null
      ]
    },
    "timestamp": 1570044997
  }
}
